<?xml version="1.0" encoding="UTF-8"?>
<testng-results ignored="0" total="1" passed="1" failed="0" skipped="0">
  <reporter-output>
  </reporter-output>
  <suite started-at="2025-01-22T11:41:56 IST" name="Default suite" finished-at="2025-01-22T11:41:57 IST" duration-ms="734">
    <groups>
    </groups>
    <test started-at="2025-01-22T11:41:56 IST" name="Default test" finished-at="2025-01-22T11:41:57 IST" duration-ms="734">
      <class name="extentReport.ToLearnCreateReport">
        <test-method signature="createReport()[pri:0, instance:extentReport.ToLearnCreateReport@38d8f54a]" started-at="2025-01-22T11:41:56 IST" name="createReport" finished-at="2025-01-22T11:41:56 IST" duration-ms="680" status="PASS">
          <reporter-output>
          </reporter-output>
        </test-method> <!-- createReport -->
      </class> <!-- extentReport.ToLearnCreateReport -->
    </test> <!-- Default test -->
  </suite> <!-- Default suite -->
</testng-results>
